{"D:\\NodeJsWorkspace_CI\\WWWTestRoute(restapi)\\server.js":{"path":"D:\\NodeJsWorkspace_CI\\WWWTestRoute(restapi)\\server.js","s":{"1":1,"2":1,"3":1,"4":1,"5":1,"6":1,"7":1,"8":1,"9":1,"10":1,"11":1,"12":1,"13":1,"14":1,"15":1,"16":1,"17":1,"18":0},"b":{"1":[1,1]},"f":{"1":1,"2":1,"3":0},"fnMap":{"1":{"name":"(anonymous_1)","line":10,"loc":{"start":{"line":10,"column":14},"end":{"line":10,"column":24}}},"2":{"name":"(anonymous_2)","line":22,"loc":{"start":{"line":22,"column":29},"end":{"line":22,"column":39}}},"3":{"name":"(anonymous_3)","line":29,"loc":{"start":{"line":29,"column":47},"end":{"line":29,"column":57}}}},"statementMap":{"1":{"start":{"line":2,"column":0},"end":{"line":6,"column":27}},"2":{"start":{"line":8,"column":1},"end":{"line":8,"column":21}},"3":{"start":{"line":10,"column":0},"end":{"line":20,"column":3}},"4":{"start":{"line":11,"column":2},"end":{"line":11,"column":44}},"5":{"start":{"line":12,"column":2},"end":{"line":12,"column":41}},"6":{"start":{"line":13,"column":2},"end":{"line":13,"column":33}},"7":{"start":{"line":14,"column":2},"end":{"line":14,"column":29}},"8":{"start":{"line":15,"column":2},"end":{"line":15,"column":33}},"9":{"start":{"line":16,"column":2},"end":{"line":16,"column":32}},"10":{"start":{"line":17,"column":2},"end":{"line":17,"column":36}},"11":{"start":{"line":18,"column":2},"end":{"line":18,"column":22}},"12":{"start":{"line":19,"column":2},"end":{"line":19,"column":58}},"13":{"start":{"line":22,"column":0},"end":{"line":24,"column":3}},"14":{"start":{"line":23,"column":2},"end":{"line":23,"column":34}},"15":{"start":{"line":26,"column":0},"end":{"line":26,"column":27}},"16":{"start":{"line":27,"column":0},"end":{"line":27,"column":29}},"17":{"start":{"line":29,"column":0},"end":{"line":31,"column":3}},"18":{"start":{"line":30,"column":2},"end":{"line":30,"column":69}}},"branchMap":{"1":{"line":11,"type":"binary-expr","locations":[{"start":{"line":11,"column":18},"end":{"line":11,"column":34}},{"start":{"line":11,"column":38},"end":{"line":11,"column":42}}]}}},"D:\\NodeJsWorkspace_CI\\WWWTestRoute(restapi)\\routes\\index.js":{"path":"D:\\NodeJsWorkspace_CI\\WWWTestRoute(restapi)\\routes\\index.js","s":{"1":1,"2":0},"b":{},"f":{"1":0},"fnMap":{"1":{"name":"(anonymous_1)","line":6,"loc":{"start":{"line":6,"column":16},"end":{"line":6,"column":34}}}},"statementMap":{"1":{"start":{"line":6,"column":0},"end":{"line":8,"column":2}},"2":{"start":{"line":7,"column":2},"end":{"line":7,"column":44}}},"branchMap":{}},"D:\\NodeJsWorkspace_CI\\WWWTestRoute(restapi)\\routes\\user.js":{"path":"D:\\NodeJsWorkspace_CI\\WWWTestRoute(restapi)\\routes\\user.js","s":{"1":1,"2":0},"b":{},"f":{"1":0},"fnMap":{"1":{"name":"(anonymous_1)","line":6,"loc":{"start":{"line":6,"column":15},"end":{"line":6,"column":33}}}},"statementMap":{"1":{"start":{"line":6,"column":0},"end":{"line":8,"column":2}},"2":{"start":{"line":7,"column":2},"end":{"line":7,"column":38}}},"branchMap":{}}}